<?xml version="1.0" encoding="UTF-8"?>
<!-- Generated by org.testng.reporters.JUnitReportReporter -->
<testsuite hostname="DESKTOP-I85STP7" failures="0" tests="1" name="testcases.TestCase001" time="31.834" errors="0" timestamp="2023-06-02T17:19:20 ICT" skipped="0">
  <testcase classname="testcases.TestCase001" name="TC01_RegisterUser" time="31.834"/>
  <system-out/>
</testsuite> <!-- testcases.TestCase001 -->
